<?xml version="1.0" encoding="UTF-8"?>
<!-- Generated by org.testng.reporters.JUnitXMLReporter -->
<testsuite ignored="0" hostname="Tohidurs-Air" failures="0" tests="3" name="Default test" time="0.079" errors="0" timestamp="2020-06-17T19:42:09 BST">
  <testcase classname="testNG.day4" name="loginapihomeloan" time="0.012"/>
  <testcase classname="testNG.day4" name="mobileloginhomeloan" time="0.003"/>
  <testcase classname="testNG.day4" name="webloginhome" time="0.002"/>
</testsuite> <!-- Default test -->
