<?xml version="1.0" encoding="UTF-8"?>
<!-- Generated by org.testng.reporters.JUnitXMLReporter -->
<testsuite ignored="3" hostname="Tohidurs-Air" failures="0" tests="2" name="Car Loan" time="0.015" errors="0" timestamp="2020-06-17T21:02:03 BST">
  <testcase classname="testNG.day3" name="loginapicarloan" time="0.002"/>
  <testcase classname="testNG.day3" name="weblogincar" time="0.003"/>
  <testcase classname="testNG.day3" name="mobilelogincarloan" time="0.0">
    <ignored/>
  </testcase> <!-- mobilelogincarloan -->
  <testcase classname="testNG.day3" name="mobilesigncarloan" time="0.0">
    <ignored/>
  </testcase> <!-- mobilesigncarloan -->
  <testcase classname="testNG.day3" name="mobilelsignoutloan" time="0.0">
    <ignored/>
  </testcase> <!-- mobilelsignoutloan -->
</testsuite> <!-- Car Loan -->
