<?xml version="1.0" encoding="UTF-8"?>
<!-- Generated by org.testng.reporters.JUnitXMLReporter -->
<testsuite ignored="0" hostname="Tohidurs-Air" failures="1" tests="13" name="Loan department" time="0.186" errors="0" timestamp="2020-06-19T21:47:19 BST">
  <testcase classname="testNG.day1" name="demo" time="0.01"/>
  <testcase classname="testNG.day1" name="demoTwo" time="0.006"/>
  <testcase classname="testNG.day1" name="smoke" time="0.003"/>
  <testcase classname="testNG.day4" name="loginapihomeloan" time="0.002"/>
  <testcase classname="testNG.day4" name="mobileloginhomeloan" time="0.003"/>
  <testcase classname="testNG.day4" name="webloginhome" time="0.003"/>
  <testcase classname="testNG.day3" name="loginapicarloan" time="0.001"/>
  <testcase classname="testNG.day3" name="mobilelogincarloan" time="0.014"/>
  <testcase classname="testNG.day3" name="mobilelsignoutloan" time="0.007"/>
  <testcase classname="testNG.day3" name="mobilesigncarloan" time="0.002"/>
  <testcase classname="testNG.day3" name="weblogincar" time="0.003"/>
  <testcase classname="testNG.day2" name="listeners" time="0.006">
    <failure type="java.lang.AssertionError" message="expected [true] but found [false]">
      <![CDATA[java.lang.AssertionError: expected [true] but found [false]
at testNG.day2.listeners(day2.java:19)
at java.base/java.util.ArrayList.forEach(ArrayList.java:1540)
... Removed 31 stack frames]]>
    </failure>
  </testcase> <!-- listeners -->
  <testcase classname="testNG.day2" name="login" time="0.003"/>
</testsuite> <!-- Loan department -->
