<?xml version="1.0" encoding="UTF-8"?>
<!-- Generated by org.testng.reporters.JUnitXMLReporter -->
<testsuite ignored="12" hostname="Tohidurs-Air" failures="0" tests="1" name="Test" time="0.068" errors="0" timestamp="2020-06-19T21:47:12 BST">
  <testcase classname="testNG.day1" name="smoke" time="0.021"/>
  <testcase classname="testNG.day3" name="loginapicarloan" time="0.0">
    <ignored/>
  </testcase> <!-- loginapicarloan -->
  <testcase classname="testNG.day3" name="mobilelogincarloan" time="0.0">
    <ignored/>
  </testcase> <!-- mobilelogincarloan -->
  <testcase classname="testNG.day2" name="login" time="0.0">
    <ignored/>
  </testcase> <!-- login -->
  <testcase classname="testNG.day1" name="demo" time="0.0">
    <ignored/>
  </testcase> <!-- demo -->
  <testcase classname="testNG.day3" name="mobilesigncarloan" time="0.0">
    <ignored/>
  </testcase> <!-- mobilesigncarloan -->
  <testcase classname="testNG.day1" name="demoTwo" time="0.0">
    <ignored/>
  </testcase> <!-- demoTwo -->
  <testcase classname="testNG.day4" name="mobileloginhomeloan" time="0.0">
    <ignored/>
  </testcase> <!-- mobileloginhomeloan -->
  <testcase classname="testNG.day2" name="listeners" time="0.0">
    <ignored/>
  </testcase> <!-- listeners -->
  <testcase classname="testNG.day3" name="weblogincar" time="0.0">
    <ignored/>
  </testcase> <!-- weblogincar -->
  <testcase classname="testNG.day3" name="mobilelsignoutloan" time="0.0">
    <ignored/>
  </testcase> <!-- mobilelsignoutloan -->
  <testcase classname="testNG.day4" name="loginapihomeloan" time="0.0">
    <ignored/>
  </testcase> <!-- loginapihomeloan -->
  <testcase classname="testNG.day4" name="webloginhome" time="0.0">
    <ignored/>
  </testcase> <!-- webloginhome -->
</testsuite> <!-- Test -->
